2022-11-04 21:39:08,237 - werkzeug - WARNING -  * Debugger is active!
2022-11-04 21:40:02,806 - werkzeug - WARNING -  * Debugger is active!
2022-11-05 14:56:11,558 - werkzeug - WARNING -  * Debugger is active!
2022-11-05 14:56:49,828 - werkzeug - WARNING -  * Debugger is active!
2022-11-05 14:58:46,721 - werkzeug - WARNING -  * Debugger is active!
2022-11-05 14:59:51,347 - werkzeug - WARNING -  * Debugger is active!
2022-11-05 15:00:40,899 - werkzeug - WARNING -  * Debugger is active!
2022-11-05 15:00:49,225 - werkzeug - WARNING -  * Debugger is active!
2022-11-05 15:01:26,314 - werkzeug - WARNING -  * Debugger is active!
2022-11-05 15:02:43,966 - werkzeug - WARNING -  * Debugger is active!
2022-11-05 15:02:54,352 - werkzeug - WARNING -  * Debugger is active!
2022-11-05 15:03:29,431 - werkzeug - WARNING -  * Debugger is active!
2022-11-05 15:04:08,986 - werkzeug - WARNING -  * Debugger is active!
2022-11-05 15:04:16,144 - werkzeug - WARNING -  * Debugger is active!
2022-11-05 15:04:35,956 - werkzeug - WARNING -  * Debugger is active!
2022-11-05 15:05:55,989 - werkzeug - WARNING -  * Debugger is active!
2022-11-05 15:06:32,199 - werkzeug - WARNING -  * Debugger is active!
2022-11-05 15:07:09,603 - werkzeug - WARNING -  * Debugger is active!
2022-11-05 15:08:14,208 - werkzeug - WARNING -  * Debugger is active!
2022-11-05 16:10:00,933 - werkzeug - WARNING -  * Debugger is active!
2022-11-05 16:26:22,570 - werkzeug - WARNING -  * Debugger is active!
2022-11-05 16:28:12,533 - werkzeug - WARNING -  * Debugger is active!
2022-11-05 16:29:05,132 - werkzeug - WARNING -  * Debugger is active!
2022-11-05 16:32:50,070 - werkzeug - WARNING -  * Debugger is active!
2022-11-05 16:35:28,227 - werkzeug - WARNING -  * Debugger is active!
2022-11-05 16:36:45,464 - werkzeug - WARNING -  * Debugger is active!
2022-11-05 16:37:29,940 - werkzeug - WARNING -  * Debugger is active!
2022-11-05 16:37:51,761 - werkzeug - WARNING -  * Debugger is active!
2022-11-05 16:39:30,570 - werkzeug - WARNING -  * Debugger is active!
2022-11-05 16:40:05,754 - werkzeug - WARNING -  * Debugger is active!
2022-11-05 16:44:13,372 - werkzeug - WARNING -  * Debugger is active!
2022-11-05 16:44:41,449 - werkzeug - WARNING -  * Debugger is active!
2022-11-05 16:46:28,349 - werkzeug - WARNING -  * Debugger is active!
2022-11-05 16:46:31,750 - werkzeug - WARNING -  * Debugger is active!
2022-11-05 16:46:47,445 - werkzeug - WARNING -  * Debugger is active!
2022-11-05 16:48:14,989 - werkzeug - WARNING -  * Debugger is active!
2022-11-08 15:24:26,294 - werkzeug - WARNING -  * Debugger is active!
2022-11-08 22:14:07,706 - werkzeug - WARNING -  * Debugger is active!
2022-11-08 22:18:39,349 - werkzeug - WARNING -  * Debugger is active!
2022-11-08 22:18:48,954 - werkzeug - WARNING -  * Debugger is active!
2022-11-08 23:20:42,661 - werkzeug - WARNING -  * Debugger is active!
2022-11-08 23:22:07,031 - werkzeug - WARNING -  * Debugger is active!
2022-11-08 23:22:30,887 - werkzeug - WARNING -  * Debugger is active!
2022-11-08 23:22:56,827 - werkzeug - WARNING -  * Debugger is active!
2022-11-08 23:23:12,499 - werkzeug - WARNING -  * Debugger is active!
2022-11-08 23:43:53,508 - werkzeug - WARNING -  * Debugger is active!
2022-11-08 23:47:07,371 - werkzeug - WARNING -  * Debugger is active!
2022-11-08 23:48:42,993 - werkzeug - WARNING -  * Debugger is active!
2022-11-08 23:50:43,081 - werkzeug - WARNING -  * Debugger is active!
2022-11-08 23:51:08,989 - werkzeug - WARNING -  * Debugger is active!
2022-11-08 23:51:47,152 - werkzeug - WARNING -  * Debugger is active!
2022-11-09 13:59:05,291 - werkzeug - WARNING -  * Debugger is active!
2022-11-16 16:58:49,446 - werkzeug - WARNING -  * Debugger is active!
2022-11-16 18:51:50,748 - werkzeug - WARNING -  * Debugger is active!
2022-11-16 18:52:26,669 - __init__ - WARNING - New transportation was added by root
2022-11-16 18:53:50,479 - werkzeug - WARNING -  * Debugger is active!
2022-11-16 18:54:21,638 - __init__ - WARNING - Driver "user1" was added by root
2022-11-16 18:54:44,913 - __init__ - WARNING - New transportation was added by root
2022-11-16 18:55:33,131 - werkzeug - WARNING -  * Debugger is active!
2022-11-16 18:59:23,507 - werkzeug - WARNING -  * Debugger is active!
2022-11-16 19:00:18,098 - werkzeug - WARNING -  * Debugger is active!
2022-11-16 19:01:55,907 - werkzeug - WARNING -  * Debugger is active!
2022-11-16 19:02:17,813 - werkzeug - WARNING -  * Debugger is active!
2022-11-16 19:02:19,931 - __init__ - WARNING - Transportation id 1 was changed to "[('В пути',)]" by user1
2022-11-16 19:02:45,744 - werkzeug - WARNING -  * Debugger is active!
2022-11-16 19:02:47,679 - __init__ - WARNING - Transportation id 1 was changed to "Завершен" by user1
2022-11-16 19:03:33,056 - werkzeug - WARNING -  * Debugger is active!
2022-11-16 19:03:56,934 - werkzeug - WARNING -  * Debugger is active!
2022-11-16 19:04:17,701 - werkzeug - WARNING -  * Debugger is active!
2022-11-16 19:04:20,021 - werkzeug - WARNING -  * Debugger is active!
2022-11-16 19:09:28,653 - werkzeug - WARNING -  * Debugger is active!
2022-11-16 21:07:28,176 - werkzeug - WARNING -  * Debugger is active!
2022-11-16 21:13:54,044 - werkzeug - WARNING -  * Debugger is active!
2022-11-16 21:14:20,011 - werkzeug - WARNING -  * Debugger is active!
2022-11-16 21:18:34,435 - werkzeug - WARNING -  * Debugger is active!
2022-11-17 10:23:52,150 - werkzeug - WARNING -  * Debugger is active!
2022-11-17 10:33:54,396 - werkzeug - WARNING -  * Debugger is active!
2022-11-17 10:34:50,377 - werkzeug - WARNING -  * Debugger is active!
2022-11-17 10:37:04,381 - __init__ - WARNING - Transportation id 1 was changed to "В пути" by root
2022-11-17 10:43:54,276 - __init__ - WARNING - Driver "ddd" was added by root
2022-11-17 10:44:28,270 - __init__ - WARNING - New transportation was added by root
2022-11-17 10:47:52,232 - werkzeug - WARNING -  * Debugger is active!
2022-11-17 10:48:27,472 - werkzeug - WARNING -  * Debugger is active!
2022-11-17 10:48:41,055 - werkzeug - WARNING -  * Debugger is active!
2022-11-17 10:50:19,531 - werkzeug - WARNING -  * Debugger is active!
2022-11-17 10:51:28,407 - werkzeug - WARNING -  * Debugger is active!
2022-11-17 10:51:38,001 - werkzeug - WARNING -  * Debugger is active!
2022-11-17 10:51:48,620 - werkzeug - WARNING -  * Debugger is active!
2022-11-17 10:53:37,498 - werkzeug - WARNING -  * Debugger is active!
2022-11-17 10:54:26,935 - werkzeug - WARNING -  * Debugger is active!
2022-11-17 10:55:09,454 - werkzeug - WARNING -  * Debugger is active!
2022-11-17 10:55:29,203 - werkzeug - WARNING -  * Debugger is active!
2022-11-17 10:55:52,075 - werkzeug - WARNING -  * Debugger is active!
2022-11-17 10:56:01,695 - werkzeug - WARNING -  * Debugger is active!
2022-11-17 10:56:22,090 - __init__ - WARNING - New transportation was added by root
2022-11-17 10:58:12,153 - werkzeug - WARNING -  * Debugger is active!
2022-11-17 10:58:46,215 - werkzeug - WARNING -  * Debugger is active!
2022-11-17 10:59:12,469 - __init__ - WARNING - Driver "фыв" was added by root
2022-11-17 10:59:23,618 - __init__ - WARNING - New transportation was added by root
2022-11-17 11:07:35,140 - werkzeug - WARNING -  * Debugger is active!
2022-11-17 11:09:44,529 - werkzeug - WARNING -  * Debugger is active!
2022-11-17 11:09:48,846 - __init__ - WARNING - New transportation was added by root
2022-11-17 11:11:09,740 - werkzeug - WARNING -  * Debugger is active!
2022-11-17 11:11:35,578 - werkzeug - WARNING -  * Debugger is active!
2022-11-17 11:11:45,064 - werkzeug - WARNING -  * Debugger is active!
2022-11-17 11:12:17,093 - werkzeug - WARNING -  * Debugger is active!
2022-11-17 11:13:02,337 - werkzeug - WARNING -  * Debugger is active!
2022-11-17 11:13:16,983 - werkzeug - WARNING -  * Debugger is active!
2022-11-17 11:13:57,198 - werkzeug - WARNING -  * Debugger is active!
2022-11-17 11:14:21,056 - werkzeug - WARNING -  * Debugger is active!
2022-11-17 11:15:43,941 - werkzeug - WARNING -  * Debugger is active!
2022-11-17 11:16:12,886 - werkzeug - WARNING -  * Debugger is active!
2022-11-17 11:16:37,600 - __init__ - WARNING - New transportation was added by root
2022-11-17 11:18:19,353 - werkzeug - WARNING -  * Debugger is active!
2022-11-17 11:18:54,475 - werkzeug - WARNING -  * Debugger is active!
2022-11-17 11:19:10,128 - werkzeug - WARNING -  * Debugger is active!
2022-11-17 11:19:22,800 - __init__ - WARNING - New transportation was added by root
2022-11-17 11:19:58,695 - __init__ - WARNING - New transportation was added by root
2022-11-17 11:20:22,274 - werkzeug - WARNING -  * Debugger is active!
2022-11-28 18:52:35,932 - werkzeug - WARNING -  * Debugger is active!
2022-11-28 18:53:52,096 - werkzeug - WARNING -  * Debugger is active!
2022-11-28 19:30:24,708 - werkzeug - WARNING -  * Debugger is active!
2022-11-28 19:37:33,164 - werkzeug - WARNING -  * Debugger is active!
2022-11-28 19:37:44,699 - werkzeug - WARNING -  * Debugger is active!
2022-11-28 19:38:42,203 - werkzeug - WARNING -  * Debugger is active!
2022-11-28 19:39:28,600 - werkzeug - WARNING -  * Debugger is active!
2022-11-28 19:39:46,309 - werkzeug - WARNING -  * Debugger is active!
2022-11-28 19:40:12,183 - werkzeug - WARNING -  * Debugger is active!
2022-11-28 19:40:56,492 - werkzeug - WARNING -  * Debugger is active!
2022-11-28 20:15:32,406 - werkzeug - WARNING -  * Debugger is active!
2022-11-28 20:15:39,938 - werkzeug - WARNING -  * Debugger is active!
2022-11-28 20:15:47,482 - werkzeug - WARNING -  * Debugger is active!
2022-11-28 20:26:08,367 - werkzeug - WARNING -  * Debugger is active!
2022-11-28 20:26:20,929 - werkzeug - WARNING -  * Debugger is active!
2022-11-28 20:41:02,370 - werkzeug - WARNING -  * Debugger is active!
2022-11-29 14:05:40,596 - werkzeug - WARNING -  * Debugger is active!
2022-12-01 16:32:33,060 - werkzeug - WARNING -  * Debugger is active!
2022-12-01 16:33:58,286 - werkzeug - WARNING -  * Debugger is active!
2022-12-01 16:34:38,458 - werkzeug - WARNING -  * Debugger is active!
2022-12-01 16:35:05,443 - werkzeug - WARNING -  * Debugger is active!
2022-12-01 16:37:45,587 - werkzeug - WARNING -  * Debugger is active!
2022-12-01 17:39:55,090 - __init__ - WARNING - Transportation id 1 was changed to "Новый" by root
2022-12-01 17:39:56,345 - __init__ - WARNING - Transportation id 1 was changed to "В пути" by root
2022-12-01 17:47:56,565 - werkzeug - WARNING -  * Debugger is active!
2022-12-01 17:48:53,226 - werkzeug - WARNING -  * Debugger is active!
2022-12-01 17:50:56,916 - werkzeug - WARNING -  * Debugger is active!
2022-12-01 17:54:10,885 - werkzeug - WARNING -  * Debugger is active!
2022-12-01 17:57:18,426 - werkzeug - WARNING -  * Debugger is active!
2022-12-01 17:57:24,858 - werkzeug - WARNING -  * Debugger is active!
2022-12-01 17:57:53,856 - werkzeug - WARNING -  * Debugger is active!
2022-12-01 18:01:20,006 - werkzeug - WARNING -  * Debugger is active!
2022-12-01 18:08:58,607 - werkzeug - WARNING -  * Debugger is active!
2022-12-01 18:10:40,206 - werkzeug - WARNING -  * Debugger is active!
2022-12-01 18:10:51,790 - werkzeug - WARNING -  * Debugger is active!
2022-12-01 18:11:15,646 - werkzeug - WARNING -  * Debugger is active!
2022-12-01 18:14:09,038 - werkzeug - WARNING -  * Debugger is active!
2022-12-01 18:16:05,168 - werkzeug - WARNING -  * Debugger is active!
2022-12-01 18:17:33,707 - werkzeug - WARNING -  * Debugger is active!
2022-12-01 18:17:47,337 - werkzeug - WARNING -  * Debugger is active!
2022-12-01 18:19:15,672 - werkzeug - WARNING -  * Debugger is active!
2022-12-01 18:19:48,713 - werkzeug - WARNING -  * Debugger is active!
2022-12-01 18:20:18,638 - werkzeug - WARNING -  * Debugger is active!
2022-12-01 18:20:33,284 - werkzeug - WARNING -  * Debugger is active!
2022-12-01 18:20:44,822 - werkzeug - WARNING -  * Debugger is active!
2022-12-01 18:20:51,309 - werkzeug - WARNING -  * Debugger is active!
2022-12-01 18:21:09,400 - __init__ - WARNING - Driver "dasads" was added by root
2022-12-01 18:22:06,412 - werkzeug - WARNING -  * Debugger is active!
2022-12-01 18:22:35,399 - werkzeug - WARNING -  * Debugger is active!
2022-12-01 18:25:12,533 - werkzeug - WARNING -  * Debugger is active!
2022-12-01 18:25:40,510 - werkzeug - WARNING -  * Debugger is active!
2022-12-01 18:25:57,384 - __init__ - WARNING - Driver "ddd" was added by root
2022-12-01 18:27:10,850 - werkzeug - WARNING -  * Debugger is active!
2022-12-01 18:31:34,107 - werkzeug - WARNING -  * Debugger is active!
2022-12-01 18:31:49,851 - werkzeug - WARNING -  * Debugger is active!
2022-12-01 18:32:38,382 - werkzeug - WARNING -  * Debugger is active!
2022-12-01 18:35:41,888 - werkzeug - WARNING -  * Debugger is active!
2022-12-01 18:36:30,308 - werkzeug - WARNING -  * Debugger is active!
2022-12-01 18:39:54,359 - werkzeug - WARNING -  * Debugger is active!
2022-12-01 18:40:32,503 - werkzeug - WARNING -  * Debugger is active!
2022-12-01 18:41:55,748 - werkzeug - WARNING -  * Debugger is active!
2022-12-01 18:42:57,420 - werkzeug - WARNING -  * Debugger is active!
2022-12-01 18:44:03,187 - werkzeug - WARNING -  * Debugger is active!
2022-12-01 18:44:44,395 - werkzeug - WARNING -  * Debugger is active!
2022-12-01 18:48:01,471 - werkzeug - WARNING -  * Debugger is active!
2022-12-01 18:48:22,201 - werkzeug - WARNING -  * Debugger is active!
2022-12-01 18:50:00,781 - werkzeug - WARNING -  * Debugger is active!
2022-12-01 18:54:31,507 - werkzeug - WARNING -  * Debugger is active!
2022-12-01 18:55:21,061 - werkzeug - WARNING -  * Debugger is active!
2022-12-01 19:00:04,150 - werkzeug - WARNING -  * Debugger is active!
2022-12-01 19:00:18,775 - werkzeug - WARNING -  * Debugger is active!
2022-12-01 19:00:56,103 - werkzeug - WARNING -  * Debugger is active!
2022-12-01 19:01:59,941 - werkzeug - WARNING -  * Debugger is active!
2022-12-01 19:03:40,760 - werkzeug - WARNING -  * Debugger is active!
2022-12-01 19:04:04,638 - werkzeug - WARNING -  * Debugger is active!
2022-12-01 19:06:18,950 - werkzeug - WARNING -  * Debugger is active!
2022-12-01 19:06:26,507 - werkzeug - WARNING -  * Debugger is active!
2022-12-01 19:06:56,535 - werkzeug - WARNING -  * Debugger is active!
2022-12-01 19:08:07,509 - werkzeug - WARNING -  * Debugger is active!
2022-12-01 19:08:24,182 - werkzeug - WARNING -  * Debugger is active!
2022-12-01 19:09:59,691 - werkzeug - WARNING -  * Debugger is active!
2022-12-01 19:10:44,008 - werkzeug - WARNING -  * Debugger is active!
2022-12-01 19:13:17,821 - werkzeug - WARNING -  * Debugger is active!
2022-12-01 19:13:54,043 - werkzeug - WARNING -  * Debugger is active!
2022-12-01 19:14:31,168 - werkzeug - WARNING -  * Debugger is active!
2022-12-01 19:14:31,650 - __init__ - WARNING - New transportation was added by root
2022-12-01 19:16:18,001 - werkzeug - WARNING -  * Debugger is active!
2022-12-01 19:17:53,621 - __init__ - WARNING - New transportation was added by root
2022-12-01 19:26:58,769 - werkzeug - WARNING -  * Debugger is active!
2022-12-01 19:28:05,664 - werkzeug - WARNING -  * Debugger is active!
2022-12-01 19:28:21,427 - werkzeug - WARNING -  * Debugger is active!
2022-12-01 19:28:26,831 - werkzeug - WARNING -  * Debugger is active!
2022-12-01 19:28:33,244 - werkzeug - WARNING -  * Debugger is active!
2022-12-01 19:28:52,811 - werkzeug - WARNING -  * Debugger is active!
2022-12-01 19:29:31,099 - __init__ - WARNING - Driver "фывфыв" was added by root
2022-12-01 19:30:48,567 - werkzeug - WARNING -  * Debugger is active!
2022-12-01 19:31:07,063 - __init__ - WARNING - New transportation was added by root
2022-12-01 19:35:34,540 - werkzeug - WARNING -  * Debugger is active!
2022-12-01 19:35:50,174 - werkzeug - WARNING -  * Debugger is active!
2022-12-01 19:35:55,608 - werkzeug - WARNING -  * Debugger is active!
2022-12-01 19:36:23,202 - __init__ - WARNING - New transportation was added by root
2022-12-01 19:37:03,382 - __init__ - WARNING - Transportation id 2 was changed to "В пути" by root
2022-12-01 19:37:27,192 - werkzeug - WARNING -  * Debugger is active!
2022-12-01 19:37:30,895 - __init__ - WARNING - Transportation id 2 was changed to "В пути" by root
2022-12-01 19:37:34,071 - __init__ - WARNING - Transportation id 2 was changed to "Завершен" by root
2022-12-01 19:37:35,226 - __init__ - WARNING - Transportation id 2 was changed to "Новый" by root
2022-12-01 19:41:32,571 - werkzeug - WARNING -  * Debugger is active!
2022-12-01 19:41:51,267 - werkzeug - WARNING -  * Debugger is active!
2022-12-01 19:42:45,818 - werkzeug - WARNING -  * Debugger is active!
2022-12-01 19:43:00,428 - werkzeug - WARNING -  * Debugger is active!
2022-12-01 19:43:19,242 - werkzeug - WARNING -  * Debugger is active!
2022-12-01 19:44:28,120 - werkzeug - WARNING -  * Debugger is active!
2022-12-01 19:45:14,562 - werkzeug - WARNING -  * Debugger is active!
2022-12-01 19:46:35,787 - werkzeug - WARNING -  * Debugger is active!
2022-12-01 19:46:56,589 - werkzeug - WARNING -  * Debugger is active!
2022-12-01 19:47:06,076 - werkzeug - WARNING -  * Debugger is active!
2022-12-01 19:47:28,896 - werkzeug - WARNING -  * Debugger is active!
2022-12-01 19:48:23,464 - werkzeug - WARNING -  * Debugger is active!
2022-12-01 19:51:23,826 - werkzeug - WARNING -  * Debugger is active!
2022-12-01 19:52:16,407 - werkzeug - WARNING -  * Debugger is active!
2022-12-01 19:55:36,948 - __init__ - WARNING - Driver "aaaaaa" was added by root
2022-12-01 19:56:41,065 - werkzeug - WARNING -  * Debugger is active!
2022-12-01 19:56:57,757 - werkzeug - WARNING -  * Debugger is active!
2022-12-01 19:57:22,703 - werkzeug - WARNING -  * Debugger is active!
2022-12-01 19:57:49,607 - werkzeug - WARNING -  * Debugger is active!
2022-12-01 19:57:57,974 - __init__ - WARNING - New transportation was added by root
2022-12-01 19:59:40,276 - __init__ - WARNING - Transportation id 2 was changed to "В пути" by root
2022-12-01 20:03:02,019 - __init__ - WARNING - New transportation was added by root
2022-12-01 20:03:21,203 - __init__ - WARNING - Transportation id 4 was changed to "Завершен" by root
2022-12-01 20:10:32,646 - werkzeug - WARNING -  * Debugger is active!
2022-12-01 20:45:35,843 - werkzeug - WARNING -  * Debugger is active!
2022-12-01 20:48:54,762 - __init__ - WARNING - New transportation was added by root
2022-12-02 10:24:46,177 - werkzeug - WARNING -  * Debugger is active!
2022-12-02 10:25:44,926 - werkzeug - WARNING -  * Debugger is active!
2022-12-02 10:26:03,823 - __init__ - WARNING - Driver "фывфыв" was added by root
2022-12-02 10:26:36,944 - __init__ - WARNING - New transportation was added by root
2022-12-02 10:30:46,487 - __init__ - WARNING - Driver "asdasd" was added by root
2022-12-02 10:31:10,172 - __init__ - WARNING - New transportation was added by root
2022-12-02 10:32:44,930 - werkzeug - WARNING -  * Debugger is active!
2022-12-02 10:34:21,354 - __init__ - WARNING - Transportation id 2 was changed to "В пути" by root
2022-12-02 10:35:00,353 - werkzeug - WARNING -  * Debugger is active!
2022-12-02 10:35:05,862 - werkzeug - WARNING -  * Debugger is active!
2022-12-02 10:35:32,697 - __init__ - WARNING - Transportation id 2 was changed to "Завершен" by root
2022-12-02 10:40:14,173 - __init__ - WARNING - Transportation id 2 was changed to "Новый" by root
2022-12-02 10:44:48,143 - werkzeug - WARNING -  * Debugger is active!
2022-12-02 10:46:06,419 - werkzeug - WARNING -  * Debugger is active!
2022-12-02 10:47:33,761 - werkzeug - WARNING -  * Debugger is active!
2022-12-02 10:49:42,183 - werkzeug - WARNING -  * Debugger is active!
2022-12-02 10:50:05,045 - werkzeug - WARNING -  * Debugger is active!
2022-12-02 10:50:38,294 - __init__ - WARNING - New transportation was added by root
2022-12-02 10:50:52,483 - __init__ - WARNING - New transportation was added by root
2022-12-02 10:51:36,611 - werkzeug - WARNING -  * Debugger is active!
2022-12-02 10:52:01,937 - __init__ - WARNING - New transportation was added by root
2022-12-02 10:52:41,535 - werkzeug - WARNING -  * Debugger is active!
2022-12-02 10:53:05,767 - __init__ - WARNING - New transportation was added by root
2022-12-02 10:53:14,711 - __init__ - WARNING - New transportation was added by root
2022-12-02 10:54:32,495 - werkzeug - WARNING -  * Debugger is active!
2022-12-02 10:55:05,632 - werkzeug - WARNING -  * Debugger is active!
2022-12-02 10:59:09,636 - werkzeug - WARNING -  * Debugger is active!
2022-12-02 10:59:23,953 - __init__ - WARNING - New transportation was added by root
2022-12-02 10:59:26,040 - __init__ - WARNING - Transportation id 8 was changed to "Завершен" by root
2022-12-02 11:04:04,903 - werkzeug - WARNING -  * Debugger is active!
2022-12-02 11:04:50,373 - werkzeug - WARNING -  * Debugger is active!
2022-12-05 20:37:59,607 - werkzeug - WARNING -  * Debugger is active!
2022-12-05 20:41:24,450 - werkzeug - WARNING -  * Debugger is active!
2022-12-05 20:50:41,716 - werkzeug - WARNING -  * Debugger is active!
2022-12-05 20:51:10,051 - __init__ - WARNING - Driver "root1" was added by root
2022-12-05 20:51:16,455 - __init__ - WARNING - Driver "root2" was added by root
2022-12-05 20:52:36,576 - __init__ - WARNING - Driver "1" was added by root
2022-12-05 20:52:39,500 - __init__ - WARNING - Driver "2" was added by root
2022-12-05 20:54:27,292 - werkzeug - WARNING -  * Debugger is active!
2022-12-05 20:57:38,341 - werkzeug - WARNING -  * Debugger is active!
2022-12-05 20:58:37,003 - werkzeug - WARNING -  * Debugger is active!
2022-12-05 20:59:10,651 - werkzeug - WARNING -  * Debugger is active!
2022-12-05 21:02:33,789 - werkzeug - WARNING -  * Debugger is active!
2022-12-05 21:02:53,591 - werkzeug - WARNING -  * Debugger is active!
2022-12-05 21:04:12,231 - werkzeug - WARNING -  * Debugger is active!
2022-12-05 21:06:48,248 - werkzeug - WARNING -  * Debugger is active!
2022-12-05 21:06:54,680 - werkzeug - WARNING -  * Debugger is active!
2022-12-05 21:07:31,984 - werkzeug - WARNING -  * Debugger is active!
2022-12-05 21:07:49,795 - werkzeug - WARNING -  * Debugger is active!
2022-12-05 21:10:13,242 - werkzeug - WARNING -  * Debugger is active!
2022-12-05 21:11:49,831 - werkzeug - WARNING -  * Debugger is active!
2022-12-05 21:13:02,483 - werkzeug - WARNING -  * Debugger is active!
2022-12-05 21:14:54,401 - werkzeug - WARNING -  * Debugger is active!
2022-12-05 22:08:21,958 - werkzeug - WARNING -  * Debugger is active!
2022-12-05 22:10:21,829 - __init__ - WARNING - Driver "вввв" was added by root
2022-12-05 22:11:11,969 - __init__ - WARNING - Driver "c:\Windows\system.ini" was added by root
2022-12-05 22:11:12,005 - __init__ - WARNING - Driver "/etc/passwd" was added by root
2022-12-05 22:11:12,066 - __init__ - WARNING - Driver "c:/" was added by root
2022-12-05 22:11:12,083 - __init__ - WARNING - Driver "/" was added by root
2022-12-05 22:11:12,163 - __init__ - WARNING - Driver "WEB-INF/web.xml" was added by root
2022-12-05 22:11:12,183 - __init__ - WARNING - Driver "WEB-INF\web.xml" was added by root
2022-12-05 22:11:12,210 - __init__ - WARNING - Driver "/WEB-INF/web.xml" was added by root
2022-12-05 22:11:12,335 - __init__ - WARNING - Driver "thishouldnotexistandhopefullyitwillnot" was added by root
2022-12-05 22:11:12,356 - __init__ - WARNING - Driver "вввв" was added by root
2022-12-05 22:11:30,193 - werkzeug - WARNING -  * Debugger is active!
2022-12-05 22:11:55,224 - werkzeug - WARNING -  * Debugger is active!
2022-12-05 22:12:00,106 - __init__ - WARNING - Driver "ZAP" was added by root
2022-12-05 22:12:18,194 - werkzeug - WARNING -  * Debugger is active!
2022-12-05 22:13:23,226 - werkzeug - WARNING -  * Debugger is active!
2022-12-05 22:13:23,432 - __init__ - WARNING - Driver "http://6239503056502895979.owasp.org" was added by root
2022-12-05 22:13:23,439 - __init__ - WARNING - Driver "https://6239503056502895979.owasp.org" was added by root
2022-12-05 22:13:23,684 - __init__ - WARNING - Driver "https:\\6239503056502895979.owasp.org" was added by root
2022-12-05 22:13:23,711 - __init__ - WARNING - Driver "//6239503056502895979.owasp.org" was added by root
2022-12-05 22:13:34,208 - werkzeug - WARNING -  * Debugger is active!
2022-12-05 22:14:54,563 - werkzeug - WARNING -  * Debugger is active!
2022-12-05 22:15:23,020 - werkzeug - WARNING -  * Debugger is active!
2022-12-05 22:26:36,876 - werkzeug - WARNING -  * Debugger is active!
2022-12-05 22:28:36,921 - werkzeug - WARNING -  * Debugger is active!
2022-12-05 22:34:38,906 - werkzeug - WARNING -  * Debugger is active!
2022-12-06 15:12:08,922 - werkzeug - WARNING -  * Debugger is active!
2022-12-06 15:12:43,000 - werkzeug - WARNING -  * Debugger is active!
2022-12-06 15:12:49,439 - werkzeug - WARNING -  * Debugger is active!
2022-12-06 15:13:36,786 - werkzeug - WARNING -  * Debugger is active!
2022-12-06 15:14:27,359 - werkzeug - WARNING -  * Debugger is active!
2022-12-06 15:14:59,421 - werkzeug - WARNING -  * Debugger is active!
2022-12-06 15:16:16,581 - werkzeug - WARNING -  * Debugger is active!
2022-12-06 15:18:12,526 - werkzeug - WARNING -  * Debugger is active!
2022-12-06 15:19:00,025 - werkzeug - WARNING -  * Debugger is active!
2022-12-06 15:20:11,093 - werkzeug - WARNING -  * Debugger is active!
2022-12-06 15:20:17,581 - werkzeug - WARNING -  * Debugger is active!
2022-12-06 15:20:51,705 - werkzeug - WARNING -  * Debugger is active!
2022-12-06 15:21:11,499 - werkzeug - WARNING -  * Debugger is active!
2022-12-06 15:25:09,534 - werkzeug - WARNING -  * Debugger is active!
2022-12-06 15:25:36,735 - werkzeug - WARNING -  * Debugger is active!
2022-12-06 15:36:40,711 - werkzeug - WARNING -  * Debugger is active!
2022-12-06 15:41:50,605 - werkzeug - WARNING -  * Debugger is active!
2022-12-06 15:42:58,621 - werkzeug - WARNING -  * Debugger is active!
2022-12-06 15:43:16,357 - werkzeug - WARNING -  * Debugger is active!
2022-12-06 15:48:34,276 - werkzeug - WARNING -  * Debugger is active!
2022-12-06 15:53:34,765 - werkzeug - WARNING -  * Debugger is active!
2022-12-06 15:55:44,042 - werkzeug - WARNING -  * Debugger is active!
2022-12-06 15:57:47,261 - werkzeug - WARNING -  * Debugger is active!
2022-12-06 16:01:14,379 - werkzeug - WARNING -  * Debugger is active!
2022-12-06 16:01:49,493 - werkzeug - WARNING -  * Debugger is active!
2022-12-06 16:02:58,505 - werkzeug - WARNING -  * Debugger is active!
2022-12-06 16:03:33,240 - werkzeug - WARNING -  * Debugger is active!
2022-12-06 16:03:52,984 - werkzeug - WARNING -  * Debugger is active!
2022-12-06 16:03:59,414 - werkzeug - WARNING -  * Debugger is active!
2022-12-06 16:04:07,880 - werkzeug - WARNING -  * Debugger is active!
2022-12-06 16:08:54,942 - werkzeug - WARNING -  * Debugger is active!
2022-12-06 16:09:25,947 - werkzeug - WARNING -  * Debugger is active!
2022-12-06 16:10:10,285 - werkzeug - WARNING -  * Debugger is active!
2022-12-06 16:10:53,567 - werkzeug - WARNING -  * Debugger is active!
2022-12-06 16:12:51,730 - __init__ - WARNING - Driver "test" was added by root
